<?xml version="1.0" encoding="UTF-8"?>
<!-- Generated by org.testng.reporters.JUnitXMLReporter -->
<testsuite hostname="Sraavan-Sumith" ignored="0" name="Test111" tests="8" failures="1" timestamp="24 Nov 2018 03:27:29 GMT" time="0.155" errors="0">
  <testcase name="testCalculatorMsg1" time="0.027" classname="myTestNG.TestMsg"/>
  <testcase name="testCalculatorMsg2" time="0.002" classname="myTestNG.TestMsg"/>
  <testcase name="testCalculatorMsg3" time="0.002" classname="myTestNG.TestMsg">
    <skipped/>
  </testcase> <!-- testCalculatorMsg3 -->
  <testcase name="testCalculatorMsg3" time="0.002" classname="myTestNG.TestMsg">
    <skipped/>
  </testcase> <!-- testCalculatorMsg3 -->
  <testcase name="testCalculatorMsg3" time="0.002" classname="myTestNG.TestMsg">
    <skipped/>
  </testcase> <!-- testCalculatorMsg3 -->
  <testcase name="testCalculatorMsg3" time="0.008" classname="myTestNG.TestMsg">
    <failure type="java.lang.AssertionError" message="M1 and M2 are Equal expected [true] but found [false]">
      <![CDATA[java.lang.AssertionError: M1 and M2 are Equal expected [true] but found [false]
at myTestNG.TestMsg.testCalculatorMsg3(TestMsg.java:57)
... Removed 28 stack frames]]>
    </failure>
  </testcase> <!-- testCalculatorMsg3 -->
  <testcase name="testCalculatorMsg1" time="0.003" classname="myTestNG.TestMsg1"/>
  <testcase name="testCalculatorMsg2" time="0.007" classname="myTestNG.TestMsg1"/>
</testsuite> <!-- Test111 -->
