<?xml version="1.0" encoding="UTF-8"?>
<!-- Generated by org.testng.reporters.JUnitXMLReporter -->
<testsuite hostname="Sraavan-Sumith" ignored="1" name="Test333" tests="4" failures="0" timestamp="24 Nov 2018 03:27:38 GMT" time="0.018" errors="0">
  <testcase name="f1" time="0.001" classname="myTestNG.GroupTest"/>
  <testcase name="f2" time="0.004" classname="myTestNG.GroupTest"/>
  <testcase name="f4" time="0.001" classname="myTestNG.GroupTest"/>
  <testcase name="f5" time="0.001" classname="myTestNG.GroupTest"/>
  <testcase name="f3" time="0.0" classname="myTestNG.GroupTest">
    <ignored/>
  </testcase> <!-- f3 -->
</testsuite> <!-- Test333 -->
