<?xml version="1.0" encoding="UTF-8"?>
<!-- Generated by org.testng.reporters.JUnitXMLReporter -->
<testsuite hostname="Sraavan-Sumith" ignored="0" name="Default test" tests="5" failures="0" timestamp="22 Nov 2018 16:42:33 GMT" time="0.074" errors="0">
  <testcase name="myFunction" time="0.008" classname="myTestNG.DataProviderTest"/>
  <testcase name="myFunction" time="0.003" classname="myTestNG.DataProviderTest"/>
  <testcase name="myFunction" time="0.002" classname="myTestNG.DataProviderTest"/>
  <testcase name="myFunction" time="0.002" classname="myTestNG.DataProviderTest"/>
  <testcase name="myFunction" time="0.002" classname="myTestNG.DataProviderTest"/>
</testsuite> <!-- Default test -->
